
********************************************************************************
*                                                                              *
*                                 memlibCertify                                *
*                               Version: 2022.4                                *
*                                                                              *
********************************************************************************

Command-line: 

  /home/Mentor/tessent/bin/memlibc  \
    -memlib ../memlib/hello.memlib  \
    -extension v:vg  \
    -SimModelDir ../../../../Memory/memory/spram/6M1L/SPRAM_1024x36

  -Found memory template: [SRAM_1024x36]
  -Memory algorithm : MARCH_C_MINUS
  -CellName : SRAM_1024x36
  -MemoryType : SRAM
  -OperationSet : SyncWR

Generating MemoryBist configuration files
Generating Tessent Shell Do Files

Info: Type 'make all' to execute the memory library certification process
      or execute the particular certification process phases with
        make gen       # Create/Process DFT specification
        make testbench # Create/Process Patterns specification
        make sim_rtl   # Run testbench simulations
